2025-08-30 16:46:20,670 INFO c.z.a.MsvcZonatchApplication [restartedMain] [-] Starting MsvcZonatchApplication using Java 20.0.1 with PID 26804 (C:\Users\Oscar\Desktop\msvc-zonatch\target\classes started by Oscar in C:\Users\Oscar\Desktop\msvc-zonatch)
2025-08-30 16:46:20,673 INFO c.z.a.MsvcZonatchApplication [restartedMain] [-] The following 1 profile is active: "dev"
2025-08-30 16:46:30,689 INFO o.a.c.h.Http11NioProtocol [restartedMain] [-] Initializing ProtocolHandler ["http-nio-8080"]
2025-08-30 16:46:32,998 INFO c.z.h.HikariDataSource [restartedMain] [-] HikariPool-1 - Starting...
2025-08-30 16:46:35,242 INFO c.z.h.p.HikariPool [restartedMain] [-] HikariPool-1 - Added connection com.mysql.cj.jdbc.ConnectionImpl@517f662c
2025-08-30 16:46:35,248 INFO c.z.h.HikariDataSource [restartedMain] [-] HikariPool-1 - Start completed.
2025-08-30 16:46:35,554 WARN o.h.orm.deprecation [restartedMain] [-] HHH90000025: MySQL8Dialect does not need to be specified explicitly using 'hibernate.dialect' (remove the property setting and it will be selected by default)
2025-08-30 16:46:35,558 WARN o.h.orm.deprecation [restartedMain] [-] HHH90000026: MySQL8Dialect has been deprecated; use org.hibernate.dialect.MySQLDialect instead
2025-08-30 16:46:53,530 WARN o.s.b.a.o.j.JpaBaseConfiguration$JpaWebConfiguration [restartedMain] [-] spring.jpa.open-in-view is enabled by default. Therefore, database queries may be performed during view rendering. Explicitly configure spring.jpa.open-in-view to disable this warning
2025-08-30 16:46:55,938 INFO o.a.c.h.Http11NioProtocol [restartedMain] [-] Starting ProtocolHandler ["http-nio-8080"]
2025-08-30 16:46:55,994 INFO c.z.a.MsvcZonatchApplication [restartedMain] [-] Started MsvcZonatchApplication in 37.578 seconds (process running for 59.415)
2025-08-30 16:48:16,855 DEBUG org.hibernate.SQL [http-nio-8080-exec-2] [-] select ue1_0.id,ue1_0.apellidos,ue1_0.email,ue1_0.fecha_creacion,ue1_0.habilitado,ue1_0.nombre,ue1_0.password,ue1_0.token from usuarios ue1_0 where ue1_0.email=?
2025-08-30 16:48:17,160 DEBUG org.hibernate.SQL [http-nio-8080-exec-2] [-] select r1_0.user_id,r1_1.id,r1_1.nombre from users_roles r1_0 join roles r1_1 on r1_1.id=r1_0.role_id where r1_0.user_id=?
2025-08-30 16:48:19,018 DEBUG org.hibernate.SQL [http-nio-8080-exec-7] [-] select ue1_0.id,ue1_0.apellidos,ue1_0.email,ue1_0.fecha_creacion,ue1_0.habilitado,ue1_0.nombre,ue1_0.password,ue1_0.token from usuarios ue1_0 where ue1_0.email=?
2025-08-30 16:48:19,031 DEBUG org.hibernate.SQL [http-nio-8080-exec-8] [-] select ee1_0.id,ee1_0.activo,ee1_0.descripcion,ee1_0.fecha_creacion,ee1_0.id_mentor,ee1_0.tags,ee1_0.titulo from evaluaciones ee1_0 join usuarios m1_0 on m1_0.id=ee1_0.id_mentor where m1_0.email=? and (? is null or lower(ee1_0.titulo) like replace(lower(concat('%',?,'%')),'\\','\\\\') or lower(ee1_0.tags) like replace(lower(concat('%',?,'%')),'\\','\\\\')) order by ee1_0.id desc limit ?
2025-08-30 16:48:19,204 DEBUG org.hibernate.SQL [http-nio-8080-exec-7] [-] select r1_0.user_id,r1_1.id,r1_1.nombre from users_roles r1_0 join roles r1_1 on r1_1.id=r1_0.role_id where r1_0.user_id=?
2025-08-30 16:48:19,216 DEBUG org.hibernate.SQL [http-nio-8080-exec-8] [-] select ue1_0.id,ue1_0.apellidos,ue1_0.email,ue1_0.fecha_creacion,ue1_0.habilitado,ue1_0.nombre,ue1_0.password,ue1_0.token from usuarios ue1_0 where ue1_0.id=?
2025-08-30 16:48:19,380 DEBUG org.hibernate.SQL [http-nio-8080-exec-7] [-] select e1_0.id_mentor,e1_0.id,e1_0.activo,e1_0.descripcion,e1_0.fecha_creacion,e1_0.tags,e1_0.titulo from evaluaciones e1_0 where e1_0.id_mentor=?
2025-08-30 16:48:19,383 DEBUG org.hibernate.SQL [http-nio-8080-exec-8] [-] select p1_0.id_evaluacion,p1_0.id,p1_0.pregunta,p1_0.tiempo,p1_0.tipo_pregunta,p1_0.valor from preguntas p1_0 where p1_0.id_evaluacion=?
2025-08-30 16:48:19,547 DEBUG org.hibernate.SQL [http-nio-8080-exec-8] [-] select or1_0.id_pregunta,or1_0.id,or1_0.correcta,or1_0.opcion_respuesta from opciones_respuestas or1_0 where or1_0.id_pregunta=?
2025-08-30 16:48:19,559 DEBUG org.hibernate.SQL [http-nio-8080-exec-7] [-] select p1_0.id_evaluacion,p1_0.id,p1_0.pregunta,p1_0.tiempo,p1_0.tipo_pregunta,p1_0.valor from preguntas p1_0 where p1_0.id_evaluacion=?
2025-08-30 16:48:19,707 DEBUG org.hibernate.SQL [http-nio-8080-exec-8] [-] select or1_0.id_pregunta,or1_0.id,or1_0.correcta,or1_0.opcion_respuesta from opciones_respuestas or1_0 where or1_0.id_pregunta=?
2025-08-30 16:48:19,741 DEBUG org.hibernate.SQL [http-nio-8080-exec-7] [-] select or1_0.id_pregunta,or1_0.id,or1_0.correcta,or1_0.opcion_respuesta from opciones_respuestas or1_0 where or1_0.id_pregunta=?
2025-08-30 16:48:19,864 DEBUG org.hibernate.SQL [http-nio-8080-exec-8] [-] select or1_0.id_pregunta,or1_0.id,or1_0.correcta,or1_0.opcion_respuesta from opciones_respuestas or1_0 where or1_0.id_pregunta=?
2025-08-30 16:48:19,919 DEBUG org.hibernate.SQL [http-nio-8080-exec-7] [-] select or1_0.id_pregunta,or1_0.id,or1_0.correcta,or1_0.opcion_respuesta from opciones_respuestas or1_0 where or1_0.id_pregunta=?
2025-08-30 16:48:20,097 DEBUG org.hibernate.SQL [http-nio-8080-exec-7] [-] select or1_0.id_pregunta,or1_0.id,or1_0.correcta,or1_0.opcion_respuesta from opciones_respuestas or1_0 where or1_0.id_pregunta=?
2025-08-30 16:48:20,276 DEBUG org.hibernate.SQL [http-nio-8080-exec-7] [-] select ee1_0.id_estudiante,ee1_0.id,ee1_0.calificacion_final,ee1_0.completado,e2_0.id,e2_0.activo,e2_0.descripcion,e2_0.fecha_creacion,m1_0.id,m1_0.apellidos,m1_0.email,m1_0.fecha_creacion,m1_0.habilitado,m1_0.nombre,m1_0.password,m1_0.token,e2_0.tags,e2_0.titulo,ee1_0.fecha_inicio,ee1_0.feedback from evaluacion_estudiante ee1_0 left join evaluaciones e2_0 on e2_0.id=ee1_0.id_evaluacion left join usuarios m1_0 on m1_0.id=e2_0.id_mentor where ee1_0.id_estudiante=?
2025-08-30 16:48:20,459 DEBUG org.hibernate.SQL [http-nio-8080-exec-7] [-] select e1_0.id_mentor,e1_0.id,e1_0.activo,e1_0.descripcion,e1_0.fecha_creacion,e1_0.titulo from entrevistas e1_0 where e1_0.id_mentor=?
2025-08-30 16:48:20,507 WARN o.s.d.w.c.SpringDataJacksonConfiguration$PageModule$WarningLoggingModifier [http-nio-8080-exec-8] [-] Serializing PageImpl instances as-is is not supported, meaning that there is no guarantee about the stability of the resulting JSON structure!
	For a stable JSON structure, please use Spring Data's PagedModel (globally via @EnableSpringDataWebSupport(pageSerializationMode = VIA_DTO))
	or Spring HATEOAS and Spring Data's PagedResourcesAssembler as documented in https://docs.spring.io/spring-data/commons/reference/repositories/core-extensions.html#core.web.pageables.

2025-08-30 16:48:20,638 DEBUG org.hibernate.SQL [http-nio-8080-exec-7] [-] select p1_0.id_entrevista,p1_0.id,p1_0.pregunta,p1_0.tiempo,p1_0.valor from pregunta_entrevistas p1_0 where p1_0.id_entrevista=?
2025-08-30 16:48:20,819 DEBUG org.hibernate.SQL [http-nio-8080-exec-7] [-] select ee1_0.id_entrevista,ee1_0.id,ee1_0.urlvideo,ee1_0.completado,e2_0.id,e2_0.apellidos,e2_0.email,e2_0.fecha_creacion,e2_0.habilitado,e2_0.nombre,e2_0.password,e2_0.token,ee1_0.fecha_entrevista,ee1_0.feed_back,ee1_0.valoracion,ee1_0.video_resumen from entrevista_estudiantes ee1_0 left join usuarios e2_0 on e2_0.id=ee1_0.id_estudiante where ee1_0.id_entrevista=?
2025-08-30 16:48:20,897 DEBUG org.hibernate.SQL [http-nio-8080-exec-9] [-] select ee1_0.id,ee1_0.activo,ee1_0.descripcion,ee1_0.fecha_creacion,ee1_0.id_mentor,ee1_0.tags,ee1_0.titulo from evaluaciones ee1_0 join usuarios m1_0 on m1_0.id=ee1_0.id_mentor where m1_0.email=? and (? is null or lower(ee1_0.titulo) like replace(lower(concat('%',?,'%')),'\\','\\\\') or lower(ee1_0.tags) like replace(lower(concat('%',?,'%')),'\\','\\\\')) order by ee1_0.id desc limit ?
2025-08-30 16:48:21,006 DEBUG org.hibernate.SQL [http-nio-8080-exec-7] [-] select ee1_0.id_estudiante,ee1_0.id,ee1_0.urlvideo,ee1_0.completado,e1_0.id,e1_0.activo,e1_0.descripcion,e1_0.fecha_creacion,m1_0.id,m1_0.apellidos,m1_0.email,m1_0.fecha_creacion,m1_0.habilitado,m1_0.nombre,m1_0.password,m1_0.token,e1_0.titulo,ee1_0.fecha_entrevista,ee1_0.feed_back,ee1_0.valoracion,ee1_0.video_resumen from entrevista_estudiantes ee1_0 left join entrevistas e1_0 on e1_0.id=ee1_0.id_entrevista left join usuarios m1_0 on m1_0.id=e1_0.id_mentor where ee1_0.id_estudiante=?
2025-08-30 16:48:21,060 DEBUG org.hibernate.SQL [http-nio-8080-exec-9] [-] select ue1_0.id,ue1_0.apellidos,ue1_0.email,ue1_0.fecha_creacion,ue1_0.habilitado,ue1_0.nombre,ue1_0.password,ue1_0.token from usuarios ue1_0 where ue1_0.id=?
2025-08-30 16:48:21,220 DEBUG org.hibernate.SQL [http-nio-8080-exec-9] [-] select p1_0.id_evaluacion,p1_0.id,p1_0.pregunta,p1_0.tiempo,p1_0.tipo_pregunta,p1_0.valor from preguntas p1_0 where p1_0.id_evaluacion=?
2025-08-30 16:48:21,380 DEBUG org.hibernate.SQL [http-nio-8080-exec-9] [-] select or1_0.id_pregunta,or1_0.id,or1_0.correcta,or1_0.opcion_respuesta from opciones_respuestas or1_0 where or1_0.id_pregunta=?
2025-08-30 16:48:21,538 DEBUG org.hibernate.SQL [http-nio-8080-exec-9] [-] select or1_0.id_pregunta,or1_0.id,or1_0.correcta,or1_0.opcion_respuesta from opciones_respuestas or1_0 where or1_0.id_pregunta=?
2025-08-30 16:48:21,696 DEBUG org.hibernate.SQL [http-nio-8080-exec-9] [-] select or1_0.id_pregunta,or1_0.id,or1_0.correcta,or1_0.opcion_respuesta from opciones_respuestas or1_0 where or1_0.id_pregunta=?
2025-08-30 16:48:22,105 DEBUG org.hibernate.SQL [http-nio-8080-exec-10] [-] select ue1_0.id,ue1_0.apellidos,ue1_0.email,ue1_0.fecha_creacion,ue1_0.habilitado,ue1_0.nombre,ue1_0.password,ue1_0.token from usuarios ue1_0 where ue1_0.email=?
2025-08-30 16:48:22,288 DEBUG org.hibernate.SQL [http-nio-8080-exec-10] [-] select r1_0.user_id,r1_1.id,r1_1.nombre from users_roles r1_0 join roles r1_1 on r1_1.id=r1_0.role_id where r1_0.user_id=?
2025-08-30 16:48:22,461 DEBUG org.hibernate.SQL [http-nio-8080-exec-10] [-] select e1_0.id_mentor,e1_0.id,e1_0.activo,e1_0.descripcion,e1_0.fecha_creacion,e1_0.tags,e1_0.titulo from evaluaciones e1_0 where e1_0.id_mentor=?
2025-08-30 16:48:22,641 DEBUG org.hibernate.SQL [http-nio-8080-exec-10] [-] select p1_0.id_evaluacion,p1_0.id,p1_0.pregunta,p1_0.tiempo,p1_0.tipo_pregunta,p1_0.valor from preguntas p1_0 where p1_0.id_evaluacion=?
2025-08-30 16:48:22,820 DEBUG org.hibernate.SQL [http-nio-8080-exec-10] [-] select or1_0.id_pregunta,or1_0.id,or1_0.correcta,or1_0.opcion_respuesta from opciones_respuestas or1_0 where or1_0.id_pregunta=?
2025-08-30 16:48:22,997 DEBUG org.hibernate.SQL [http-nio-8080-exec-10] [-] select or1_0.id_pregunta,or1_0.id,or1_0.correcta,or1_0.opcion_respuesta from opciones_respuestas or1_0 where or1_0.id_pregunta=?
2025-08-30 16:48:23,176 DEBUG org.hibernate.SQL [http-nio-8080-exec-10] [-] select or1_0.id_pregunta,or1_0.id,or1_0.correcta,or1_0.opcion_respuesta from opciones_respuestas or1_0 where or1_0.id_pregunta=?
2025-08-30 16:48:23,354 DEBUG org.hibernate.SQL [http-nio-8080-exec-10] [-] select ee1_0.id_estudiante,ee1_0.id,ee1_0.calificacion_final,ee1_0.completado,e2_0.id,e2_0.activo,e2_0.descripcion,e2_0.fecha_creacion,m1_0.id,m1_0.apellidos,m1_0.email,m1_0.fecha_creacion,m1_0.habilitado,m1_0.nombre,m1_0.password,m1_0.token,e2_0.tags,e2_0.titulo,ee1_0.fecha_inicio,ee1_0.feedback from evaluacion_estudiante ee1_0 left join evaluaciones e2_0 on e2_0.id=ee1_0.id_evaluacion left join usuarios m1_0 on m1_0.id=e2_0.id_mentor where ee1_0.id_estudiante=?
2025-08-30 16:48:23,537 DEBUG org.hibernate.SQL [http-nio-8080-exec-10] [-] select e1_0.id_mentor,e1_0.id,e1_0.activo,e1_0.descripcion,e1_0.fecha_creacion,e1_0.titulo from entrevistas e1_0 where e1_0.id_mentor=?
2025-08-30 16:48:23,716 DEBUG org.hibernate.SQL [http-nio-8080-exec-10] [-] select p1_0.id_entrevista,p1_0.id,p1_0.pregunta,p1_0.tiempo,p1_0.valor from pregunta_entrevistas p1_0 where p1_0.id_entrevista=?
2025-08-30 16:48:23,893 DEBUG org.hibernate.SQL [http-nio-8080-exec-10] [-] select ee1_0.id_entrevista,ee1_0.id,ee1_0.urlvideo,ee1_0.completado,e2_0.id,e2_0.apellidos,e2_0.email,e2_0.fecha_creacion,e2_0.habilitado,e2_0.nombre,e2_0.password,e2_0.token,ee1_0.fecha_entrevista,ee1_0.feed_back,ee1_0.valoracion,ee1_0.video_resumen from entrevista_estudiantes ee1_0 left join usuarios e2_0 on e2_0.id=ee1_0.id_estudiante where ee1_0.id_entrevista=?
2025-08-30 16:48:24,076 DEBUG org.hibernate.SQL [http-nio-8080-exec-10] [-] select ee1_0.id_estudiante,ee1_0.id,ee1_0.urlvideo,ee1_0.completado,e1_0.id,e1_0.activo,e1_0.descripcion,e1_0.fecha_creacion,m1_0.id,m1_0.apellidos,m1_0.email,m1_0.fecha_creacion,m1_0.habilitado,m1_0.nombre,m1_0.password,m1_0.token,e1_0.titulo,ee1_0.fecha_entrevista,ee1_0.feed_back,ee1_0.valoracion,ee1_0.video_resumen from entrevista_estudiantes ee1_0 left join entrevistas e1_0 on e1_0.id=ee1_0.id_entrevista left join usuarios m1_0 on m1_0.id=e1_0.id_mentor where ee1_0.id_estudiante=?
2025-08-30 16:48:26,570 DEBUG org.hibernate.SQL [http-nio-8080-exec-6] [-] select ue1_0.id,ue1_0.apellidos,ue1_0.email,ue1_0.fecha_creacion,ue1_0.habilitado,ue1_0.nombre,ue1_0.password,ue1_0.token from usuarios ue1_0 where ue1_0.email=?
2025-08-30 16:48:26,751 DEBUG org.hibernate.SQL [http-nio-8080-exec-6] [-] select r1_0.user_id,r1_1.id,r1_1.nombre from users_roles r1_0 join roles r1_1 on r1_1.id=r1_0.role_id where r1_0.user_id=?
2025-08-30 16:48:26,928 DEBUG org.hibernate.SQL [http-nio-8080-exec-6] [-] select e1_0.id_mentor,e1_0.id,e1_0.activo,e1_0.descripcion,e1_0.fecha_creacion,e1_0.tags,e1_0.titulo from evaluaciones e1_0 where e1_0.id_mentor=?
2025-08-30 16:48:27,108 DEBUG org.hibernate.SQL [http-nio-8080-exec-6] [-] select p1_0.id_evaluacion,p1_0.id,p1_0.pregunta,p1_0.tiempo,p1_0.tipo_pregunta,p1_0.valor from preguntas p1_0 where p1_0.id_evaluacion=?
2025-08-30 16:48:27,287 DEBUG org.hibernate.SQL [http-nio-8080-exec-6] [-] select or1_0.id_pregunta,or1_0.id,or1_0.correcta,or1_0.opcion_respuesta from opciones_respuestas or1_0 where or1_0.id_pregunta=?
2025-08-30 16:48:27,464 DEBUG org.hibernate.SQL [http-nio-8080-exec-6] [-] select or1_0.id_pregunta,or1_0.id,or1_0.correcta,or1_0.opcion_respuesta from opciones_respuestas or1_0 where or1_0.id_pregunta=?
2025-08-30 16:48:27,642 DEBUG org.hibernate.SQL [http-nio-8080-exec-6] [-] select or1_0.id_pregunta,or1_0.id,or1_0.correcta,or1_0.opcion_respuesta from opciones_respuestas or1_0 where or1_0.id_pregunta=?
2025-08-30 16:48:27,820 DEBUG org.hibernate.SQL [http-nio-8080-exec-6] [-] select ee1_0.id_estudiante,ee1_0.id,ee1_0.calificacion_final,ee1_0.completado,e2_0.id,e2_0.activo,e2_0.descripcion,e2_0.fecha_creacion,m1_0.id,m1_0.apellidos,m1_0.email,m1_0.fecha_creacion,m1_0.habilitado,m1_0.nombre,m1_0.password,m1_0.token,e2_0.tags,e2_0.titulo,ee1_0.fecha_inicio,ee1_0.feedback from evaluacion_estudiante ee1_0 left join evaluaciones e2_0 on e2_0.id=ee1_0.id_evaluacion left join usuarios m1_0 on m1_0.id=e2_0.id_mentor where ee1_0.id_estudiante=?
2025-08-30 16:48:27,995 DEBUG org.hibernate.SQL [http-nio-8080-exec-6] [-] select e1_0.id_mentor,e1_0.id,e1_0.activo,e1_0.descripcion,e1_0.fecha_creacion,e1_0.titulo from entrevistas e1_0 where e1_0.id_mentor=?
2025-08-30 16:48:28,173 DEBUG org.hibernate.SQL [http-nio-8080-exec-6] [-] select p1_0.id_entrevista,p1_0.id,p1_0.pregunta,p1_0.tiempo,p1_0.valor from pregunta_entrevistas p1_0 where p1_0.id_entrevista=?
2025-08-30 16:48:28,351 DEBUG org.hibernate.SQL [http-nio-8080-exec-6] [-] select ee1_0.id_entrevista,ee1_0.id,ee1_0.urlvideo,ee1_0.completado,e2_0.id,e2_0.apellidos,e2_0.email,e2_0.fecha_creacion,e2_0.habilitado,e2_0.nombre,e2_0.password,e2_0.token,ee1_0.fecha_entrevista,ee1_0.feed_back,ee1_0.valoracion,ee1_0.video_resumen from entrevista_estudiantes ee1_0 left join usuarios e2_0 on e2_0.id=ee1_0.id_estudiante where ee1_0.id_entrevista=?
2025-08-30 16:48:28,532 DEBUG org.hibernate.SQL [http-nio-8080-exec-6] [-] select ee1_0.id_estudiante,ee1_0.id,ee1_0.urlvideo,ee1_0.completado,e1_0.id,e1_0.activo,e1_0.descripcion,e1_0.fecha_creacion,m1_0.id,m1_0.apellidos,m1_0.email,m1_0.fecha_creacion,m1_0.habilitado,m1_0.nombre,m1_0.password,m1_0.token,e1_0.titulo,ee1_0.fecha_entrevista,ee1_0.feed_back,ee1_0.valoracion,ee1_0.video_resumen from entrevista_estudiantes ee1_0 left join entrevistas e1_0 on e1_0.id=ee1_0.id_entrevista left join usuarios m1_0 on m1_0.id=e1_0.id_mentor where ee1_0.id_estudiante=?
2025-08-30 16:48:29,627 DEBUG org.hibernate.SQL [http-nio-8080-exec-9] [-] select ee1_0.id,ee1_0.activo,ee1_0.descripcion,ee1_0.fecha_creacion,ee1_0.id_mentor,ee1_0.tags,ee1_0.titulo from evaluaciones ee1_0 left join usuarios m1_0 on m1_0.id=ee1_0.id_mentor where m1_0.id=?
2025-08-30 16:48:29,719 DEBUG org.hibernate.SQL [http-nio-8080-exec-8] [-] select ue1_0.id,ue1_0.apellidos,ue1_0.email,ue1_0.fecha_creacion,ue1_0.habilitado,ue1_0.nombre,ue1_0.password,ue1_0.token from usuarios ue1_0 where ue1_0.email=?
2025-08-30 16:48:29,806 DEBUG org.hibernate.SQL [http-nio-8080-exec-9] [-] select ue1_0.id,ue1_0.apellidos,ue1_0.email,ue1_0.fecha_creacion,ue1_0.habilitado,ue1_0.nombre,ue1_0.password,ue1_0.token from usuarios ue1_0 where ue1_0.id=?
2025-08-30 16:48:29,880 DEBUG org.hibernate.SQL [http-nio-8080-exec-8] [-] select r1_0.user_id,r1_1.id,r1_1.nombre from users_roles r1_0 join roles r1_1 on r1_1.id=r1_0.role_id where r1_0.user_id=?
2025-08-30 16:48:29,987 DEBUG org.hibernate.SQL [http-nio-8080-exec-9] [-] select p1_0.id_evaluacion,p1_0.id,p1_0.pregunta,p1_0.tiempo,p1_0.tipo_pregunta,p1_0.valor from preguntas p1_0 where p1_0.id_evaluacion=?
2025-08-30 16:48:30,038 DEBUG org.hibernate.SQL [http-nio-8080-exec-8] [-] select e1_0.id_mentor,e1_0.id,e1_0.activo,e1_0.descripcion,e1_0.fecha_creacion,e1_0.tags,e1_0.titulo from evaluaciones e1_0 where e1_0.id_mentor=?
2025-08-30 16:48:30,166 DEBUG org.hibernate.SQL [http-nio-8080-exec-9] [-] select or1_0.id_pregunta,or1_0.id,or1_0.correcta,or1_0.opcion_respuesta from opciones_respuestas or1_0 where or1_0.id_pregunta=?
2025-08-30 16:48:30,197 DEBUG org.hibernate.SQL [http-nio-8080-exec-8] [-] select p1_0.id_evaluacion,p1_0.id,p1_0.pregunta,p1_0.tiempo,p1_0.tipo_pregunta,p1_0.valor from preguntas p1_0 where p1_0.id_evaluacion=?
2025-08-30 16:48:30,344 DEBUG org.hibernate.SQL [http-nio-8080-exec-9] [-] select or1_0.id_pregunta,or1_0.id,or1_0.correcta,or1_0.opcion_respuesta from opciones_respuestas or1_0 where or1_0.id_pregunta=?
2025-08-30 16:48:30,358 DEBUG org.hibernate.SQL [http-nio-8080-exec-8] [-] select or1_0.id_pregunta,or1_0.id,or1_0.correcta,or1_0.opcion_respuesta from opciones_respuestas or1_0 where or1_0.id_pregunta=?
2025-08-30 16:48:30,515 DEBUG org.hibernate.SQL [http-nio-8080-exec-8] [-] select or1_0.id_pregunta,or1_0.id,or1_0.correcta,or1_0.opcion_respuesta from opciones_respuestas or1_0 where or1_0.id_pregunta=?
2025-08-30 16:48:30,532 DEBUG org.hibernate.SQL [http-nio-8080-exec-9] [-] select or1_0.id_pregunta,or1_0.id,or1_0.correcta,or1_0.opcion_respuesta from opciones_respuestas or1_0 where or1_0.id_pregunta=?
2025-08-30 16:48:30,676 DEBUG org.hibernate.SQL [http-nio-8080-exec-8] [-] select or1_0.id_pregunta,or1_0.id,or1_0.correcta,or1_0.opcion_respuesta from opciones_respuestas or1_0 where or1_0.id_pregunta=?
2025-08-30 16:48:30,837 DEBUG org.hibernate.SQL [http-nio-8080-exec-8] [-] select ee1_0.id_estudiante,ee1_0.id,ee1_0.calificacion_final,ee1_0.completado,e2_0.id,e2_0.activo,e2_0.descripcion,e2_0.fecha_creacion,m1_0.id,m1_0.apellidos,m1_0.email,m1_0.fecha_creacion,m1_0.habilitado,m1_0.nombre,m1_0.password,m1_0.token,e2_0.tags,e2_0.titulo,ee1_0.fecha_inicio,ee1_0.feedback from evaluacion_estudiante ee1_0 left join evaluaciones e2_0 on e2_0.id=ee1_0.id_evaluacion left join usuarios m1_0 on m1_0.id=e2_0.id_mentor where ee1_0.id_estudiante=?
2025-08-30 16:48:30,999 DEBUG org.hibernate.SQL [http-nio-8080-exec-8] [-] select e1_0.id_mentor,e1_0.id,e1_0.activo,e1_0.descripcion,e1_0.fecha_creacion,e1_0.titulo from entrevistas e1_0 where e1_0.id_mentor=?
2025-08-30 16:48:31,160 DEBUG org.hibernate.SQL [http-nio-8080-exec-8] [-] select p1_0.id_entrevista,p1_0.id,p1_0.pregunta,p1_0.tiempo,p1_0.valor from pregunta_entrevistas p1_0 where p1_0.id_entrevista=?
2025-08-30 16:48:31,320 DEBUG org.hibernate.SQL [http-nio-8080-exec-8] [-] select ee1_0.id_entrevista,ee1_0.id,ee1_0.urlvideo,ee1_0.completado,e2_0.id,e2_0.apellidos,e2_0.email,e2_0.fecha_creacion,e2_0.habilitado,e2_0.nombre,e2_0.password,e2_0.token,ee1_0.fecha_entrevista,ee1_0.feed_back,ee1_0.valoracion,ee1_0.video_resumen from entrevista_estudiantes ee1_0 left join usuarios e2_0 on e2_0.id=ee1_0.id_estudiante where ee1_0.id_entrevista=?
2025-08-30 16:48:31,483 DEBUG org.hibernate.SQL [http-nio-8080-exec-8] [-] select ee1_0.id_estudiante,ee1_0.id,ee1_0.urlvideo,ee1_0.completado,e1_0.id,e1_0.activo,e1_0.descripcion,e1_0.fecha_creacion,m1_0.id,m1_0.apellidos,m1_0.email,m1_0.fecha_creacion,m1_0.habilitado,m1_0.nombre,m1_0.password,m1_0.token,e1_0.titulo,ee1_0.fecha_entrevista,ee1_0.feed_back,ee1_0.valoracion,ee1_0.video_resumen from entrevista_estudiantes ee1_0 left join entrevistas e1_0 on e1_0.id=ee1_0.id_entrevista left join usuarios m1_0 on m1_0.id=e1_0.id_mentor where ee1_0.id_estudiante=?
2025-08-30 16:48:32,652 DEBUG org.hibernate.SQL [http-nio-8080-exec-2] [-] select ee1_0.id,ee1_0.activo,ee1_0.descripcion,ee1_0.fecha_creacion,ee1_0.id_mentor,ee1_0.tags,ee1_0.titulo from evaluaciones ee1_0 left join usuarios m1_0 on m1_0.id=ee1_0.id_mentor where m1_0.id=?
2025-08-30 16:48:32,831 DEBUG org.hibernate.SQL [http-nio-8080-exec-2] [-] select ue1_0.id,ue1_0.apellidos,ue1_0.email,ue1_0.fecha_creacion,ue1_0.habilitado,ue1_0.nombre,ue1_0.password,ue1_0.token from usuarios ue1_0 where ue1_0.id=?
2025-08-30 16:48:33,010 DEBUG org.hibernate.SQL [http-nio-8080-exec-2] [-] select p1_0.id_evaluacion,p1_0.id,p1_0.pregunta,p1_0.tiempo,p1_0.tipo_pregunta,p1_0.valor from preguntas p1_0 where p1_0.id_evaluacion=?
2025-08-30 16:48:33,189 DEBUG org.hibernate.SQL [http-nio-8080-exec-2] [-] select or1_0.id_pregunta,or1_0.id,or1_0.correcta,or1_0.opcion_respuesta from opciones_respuestas or1_0 where or1_0.id_pregunta=?
2025-08-30 16:48:33,365 DEBUG org.hibernate.SQL [http-nio-8080-exec-2] [-] select or1_0.id_pregunta,or1_0.id,or1_0.correcta,or1_0.opcion_respuesta from opciones_respuestas or1_0 where or1_0.id_pregunta=?
2025-08-30 16:48:33,543 DEBUG org.hibernate.SQL [http-nio-8080-exec-2] [-] select or1_0.id_pregunta,or1_0.id,or1_0.correcta,or1_0.opcion_respuesta from opciones_respuestas or1_0 where or1_0.id_pregunta=?
2025-08-30 16:48:37,561 DEBUG org.hibernate.SQL [http-nio-8080-exec-10] [-] select ee1_0.id,ee1_0.activo,ee1_0.descripcion,ee1_0.fecha_creacion,ee1_0.id_mentor,ee1_0.tags,ee1_0.titulo from evaluaciones ee1_0 join usuarios m1_0 on m1_0.id=ee1_0.id_mentor where m1_0.email=? and (? is null or lower(ee1_0.titulo) like replace(lower(concat('%',?,'%')),'\\','\\\\') or lower(ee1_0.tags) like replace(lower(concat('%',?,'%')),'\\','\\\\')) order by ee1_0.id desc limit ?
2025-08-30 16:48:37,743 DEBUG org.hibernate.SQL [http-nio-8080-exec-10] [-] select ue1_0.id,ue1_0.apellidos,ue1_0.email,ue1_0.fecha_creacion,ue1_0.habilitado,ue1_0.nombre,ue1_0.password,ue1_0.token from usuarios ue1_0 where ue1_0.id=?
2025-08-30 16:48:37,922 DEBUG org.hibernate.SQL [http-nio-8080-exec-10] [-] select p1_0.id_evaluacion,p1_0.id,p1_0.pregunta,p1_0.tiempo,p1_0.tipo_pregunta,p1_0.valor from preguntas p1_0 where p1_0.id_evaluacion=?
2025-08-30 16:48:38,099 DEBUG org.hibernate.SQL [http-nio-8080-exec-10] [-] select or1_0.id_pregunta,or1_0.id,or1_0.correcta,or1_0.opcion_respuesta from opciones_respuestas or1_0 where or1_0.id_pregunta=?
2025-08-30 16:48:38,276 DEBUG org.hibernate.SQL [http-nio-8080-exec-10] [-] select or1_0.id_pregunta,or1_0.id,or1_0.correcta,or1_0.opcion_respuesta from opciones_respuestas or1_0 where or1_0.id_pregunta=?
2025-08-30 16:48:38,454 DEBUG org.hibernate.SQL [http-nio-8080-exec-10] [-] select or1_0.id_pregunta,or1_0.id,or1_0.correcta,or1_0.opcion_respuesta from opciones_respuestas or1_0 where or1_0.id_pregunta=?
2025-08-30 16:48:39,516 DEBUG org.hibernate.SQL [http-nio-8080-exec-4] [-] select ee1_0.id,ee1_0.activo,ee1_0.descripcion,ee1_0.fecha_creacion,ee1_0.id_mentor,ee1_0.tags,ee1_0.titulo from evaluaciones ee1_0 join usuarios m1_0 on m1_0.id=ee1_0.id_mentor where m1_0.email=? and (? is null or lower(ee1_0.titulo) like replace(lower(concat('%',?,'%')),'\\','\\\\') or lower(ee1_0.tags) like replace(lower(concat('%',?,'%')),'\\','\\\\')) order by ee1_0.id desc limit ?
2025-08-30 16:48:39,699 DEBUG org.hibernate.SQL [http-nio-8080-exec-4] [-] select ue1_0.id,ue1_0.apellidos,ue1_0.email,ue1_0.fecha_creacion,ue1_0.habilitado,ue1_0.nombre,ue1_0.password,ue1_0.token from usuarios ue1_0 where ue1_0.id=?
2025-08-30 16:48:39,879 DEBUG org.hibernate.SQL [http-nio-8080-exec-4] [-] select p1_0.id_evaluacion,p1_0.id,p1_0.pregunta,p1_0.tiempo,p1_0.tipo_pregunta,p1_0.valor from preguntas p1_0 where p1_0.id_evaluacion=?
2025-08-30 16:48:40,058 DEBUG org.hibernate.SQL [http-nio-8080-exec-4] [-] select or1_0.id_pregunta,or1_0.id,or1_0.correcta,or1_0.opcion_respuesta from opciones_respuestas or1_0 where or1_0.id_pregunta=?
2025-08-30 16:48:40,237 DEBUG org.hibernate.SQL [http-nio-8080-exec-4] [-] select or1_0.id_pregunta,or1_0.id,or1_0.correcta,or1_0.opcion_respuesta from opciones_respuestas or1_0 where or1_0.id_pregunta=?
2025-08-30 16:48:40,414 DEBUG org.hibernate.SQL [http-nio-8080-exec-4] [-] select or1_0.id_pregunta,or1_0.id,or1_0.correcta,or1_0.opcion_respuesta from opciones_respuestas or1_0 where or1_0.id_pregunta=?
2025-08-30 16:48:58,426 INFO c.z.h.HikariDataSource [SpringApplicationShutdownHook] [-] HikariPool-1 - Shutdown initiated...
2025-08-30 16:48:58,440 INFO c.z.h.HikariDataSource [SpringApplicationShutdownHook] [-] HikariPool-1 - Shutdown completed.
